<?xml version="1.0" encoding="UTF-8"?>
<testng-results ignored="0" total="1" passed="0" failed="1" skipped="0">
  <reporter-output>
    <line>
      <![CDATA[Browser window is maximizing]]>
    </line>
    <line>
      <![CDATA[Launching browser]]>
    </line>
    <line>
      <![CDATA[Clicking on Gender button]]>
    </line>
    <line>
      <![CDATA[Clicking on Next button]]>
    </line>
    <line>
      <![CDATA[Handling Age drop down ]]>
    </line>
    <line>
      <![CDATA[Clicking on Next button on memberdetails page]]>
    </line>
    <line>
      <![CDATA[Entering Mno]]>
    </line>
    <line>
      <![CDATA[Clicking on conitinue button]]>
    </line>
    <line>
      <![CDATA[Closing  browser]]>
    </line>
  </reporter-output>
  <suite started-at="2024-10-25T21:33:05 GMT-07:00" name="Default suite" finished-at="2024-10-25T21:33:21 GMT-07:00" duration-ms="15354">
    <groups>
    </groups>
    <test started-at="2024-10-25T21:33:05 GMT-07:00" name="Default test" finished-at="2024-10-25T21:33:21 GMT-07:00" duration-ms="15354">
      <class name="coverFoxTest.TC12345_CoverFox_ValidateBannerCount">
        <test-method is-config="true" signature="enterDetails()[pri:0, instance:coverFoxTest.TC12345_CoverFox_ValidateBannerCount@24313fcc]" started-at="2024-10-25T21:33:05 GMT-07:00" name="enterDetails" finished-at="2024-10-25T21:33:20 GMT-07:00" duration-ms="14368" status="PASS">
          <reporter-output>
            <line>
              <![CDATA[Browser window is maximizing]]>
            </line>
            <line>
              <![CDATA[Launching browser]]>
            </line>
            <line>
              <![CDATA[Clicking on Gender button]]>
            </line>
            <line>
              <![CDATA[Clicking on Next button]]>
            </line>
            <line>
              <![CDATA[Handling Age drop down ]]>
            </line>
            <line>
              <![CDATA[Clicking on Next button on memberdetails page]]>
            </line>
          </reporter-output>
        </test-method> <!-- enterDetails -->
        <test-method signature="validatePincodeErroreMsg()[pri:0, instance:coverFoxTest.TC12345_CoverFox_ValidateBannerCount@24313fcc]" started-at="2024-10-25T21:33:20 GMT-07:00" name="validatePincodeErroreMsg" finished-at="2024-10-25T21:33:20 GMT-07:00" duration-ms="563" status="FAIL">
          <exception class="java.lang.NullPointerException">
            <message>
              <![CDATA[Cannot invoke "org.apache.poi.ss.usermodel.Cell.getStringCellValue()" because the return value of "org.apache.poi.ss.usermodel.Row.getCell(int)" is null]]>
            </message>
            <full-stacktrace>
              <![CDATA[java.lang.NullPointerException: Cannot invoke "org.apache.poi.ss.usermodel.Cell.getStringCellValue()" because the return value of "org.apache.poi.ss.usermodel.Row.getCell(int)" is null
at coverFoxUtility.Utility.ExcelReading(Utility.java:30)
at coverFoxTest.TC12345_CoverFox_ValidateBannerCount.validatePincodeErroreMsg(TC12345_CoverFox_ValidateBannerCount.java:69)
at java.base/jdk.internal.reflect.DirectMethodHandleAccessor.invoke(DirectMethodHandleAccessor.java:103)
at java.base/java.lang.reflect.Method.invoke(Method.java:580)
at org.testng.internal.invokers.MethodInvocationHelper.invokeMethod(MethodInvocationHelper.java:141)
at org.testng.internal.invokers.TestInvoker.invokeMethod(TestInvoker.java:686)
at org.testng.internal.invokers.TestInvoker.invokeTestMethod(TestInvoker.java:230)
at org.testng.internal.invokers.MethodRunner.runInSequence(MethodRunner.java:63)
at org.testng.internal.invokers.TestInvoker$MethodInvocationAgent.invoke(TestInvoker.java:992)
at org.testng.internal.invokers.TestInvoker.invokeTestMethods(TestInvoker.java:203)
at org.testng.internal.invokers.TestMethodWorker.invokeTestMethods(TestMethodWorker.java:154)
at org.testng.internal.invokers.TestMethodWorker.run(TestMethodWorker.java:134)
at java.base/java.util.ArrayList.forEach(ArrayList.java:1597)
at org.testng.TestRunner.privateRun(TestRunner.java:739)
at org.testng.TestRunner.run(TestRunner.java:614)
at org.testng.SuiteRunner.runTest(SuiteRunner.java:421)
at org.testng.SuiteRunner.runSequentially(SuiteRunner.java:413)
at org.testng.SuiteRunner.privateRun(SuiteRunner.java:373)
at org.testng.SuiteRunner.run(SuiteRunner.java:312)
at org.testng.SuiteRunnerWorker.runSuite(SuiteRunnerWorker.java:52)
at org.testng.SuiteRunnerWorker.run(SuiteRunnerWorker.java:95)
at org.testng.TestNG.runSuitesSequentially(TestNG.java:1274)
at org.testng.TestNG.runSuitesLocally(TestNG.java:1208)
at org.testng.TestNG.runSuites(TestNG.java:1112)
at org.testng.TestNG.run(TestNG.java:1079)
at org.testng.remote.AbstractRemoteTestNG.run(AbstractRemoteTestNG.java:115)
at org.testng.remote.RemoteTestNG.initAndRun(RemoteTestNG.java:293)
at org.testng.remote.RemoteTestNG.main(RemoteTestNG.java:91)
]]>
            </full-stacktrace>
          </exception> <!-- java.lang.NullPointerException -->
          <reporter-output>
            <line>
              <![CDATA[Entering Mno]]>
            </line>
            <line>
              <![CDATA[Clicking on conitinue button]]>
            </line>
          </reporter-output>
        </test-method> <!-- validatePincodeErroreMsg -->
        <test-method is-config="true" signature="closeApplication()[pri:0, instance:coverFoxTest.TC12345_CoverFox_ValidateBannerCount@24313fcc]" started-at="2024-10-25T21:33:20 GMT-07:00" name="closeApplication" finished-at="2024-10-25T21:33:21 GMT-07:00" duration-ms="327" status="PASS">
          <reporter-output>
            <line>
              <![CDATA[Closing  browser]]>
            </line>
          </reporter-output>
        </test-method> <!-- closeApplication -->
      </class> <!-- coverFoxTest.TC12345_CoverFox_ValidateBannerCount -->
    </test> <!-- Default test -->
  </suite> <!-- Default suite -->
</testng-results>
